

Started GET "/" for 127.0.0.1 at 2014-12-12 20:18:17 +0700
Processing by StaticPagesController#home as HTML
  Rendered static_pages/home.html.erb within layouts/application (29.5ms)
  Rendered layouts/_shim.html.erb (0.5ms)
  Rendered layouts/_header.html.erb (1.0ms)
  Rendered layouts/_footer.html.erb (0.7ms)
Completed 200 OK in 3812ms (Views: 3801.5ms | ActiveRecord: 0.0ms)


Started GET "/assets/custom.css?body=1" for 127.0.0.1 at 2014-12-12 20:18:21 +0700


Started GET "/assets/static_pages.css?body=1" for 127.0.0.1 at 2014-12-12 20:18:21 +0700


Started GET "/assets/users.css?body=1" for 127.0.0.1 at 2014-12-12 20:18:21 +0700


Started GET "/assets/jquery_ujs.js?body=1" for 127.0.0.1 at 2014-12-12 20:18:21 +0700


Started GET "/assets/application.js?body=1" for 127.0.0.1 at 2014-12-12 20:18:21 +0700


Started GET "/assets/application.css?body=1" for 127.0.0.1 at 2014-12-12 20:18:21 +0700


Started GET "/assets/turbolinks.js?body=1" for 127.0.0.1 at 2014-12-12 20:18:21 +0700


Started GET "/assets/static_pages.js?body=1" for 127.0.0.1 at 2014-12-12 20:18:21 +0700


Started GET "/assets/users.js?body=1" for 127.0.0.1 at 2014-12-12 20:18:21 +0700


Started GET "/assets/jquery.js?body=1" for 127.0.0.1 at 2014-12-12 20:18:21 +0700


Started GET "/assets/rails.png" for 127.0.0.1 at 2014-12-12 20:18:21 +0700


Started GET "/signup" for 127.0.0.1 at 2014-12-12 20:18:25 +0700
Processing by UsersController#new as HTML
  Rendered users/new.html.erb within layouts/application (0.6ms)
  Rendered layouts/_shim.html.erb (0.5ms)
  Rendered layouts/_header.html.erb (1.0ms)
  Rendered layouts/_footer.html.erb (0.6ms)
Completed 200 OK in 81ms (Views: 79.2ms | ActiveRecord: 0.0ms)


Started GET "/signup" for 127.0.0.1 at 2014-12-12 20:18:35 +0700
Processing by UsersController#new as HTML
  Rendered users/new.html.erb within layouts/application (0.2ms)
  Rendered layouts/_shim.html.erb (0.1ms)
  Rendered layouts/_header.html.erb (0.6ms)
  Rendered layouts/_footer.html.erb (0.2ms)
Completed 200 OK in 82ms (Views: 80.8ms | ActiveRecord: 0.0ms)


Started GET "/about" for 127.0.0.1 at 2014-12-12 20:18:37 +0700
Processing by StaticPagesController#about as HTML
  Rendered static_pages/about.html.erb within layouts/application (1.1ms)
  Rendered layouts/_shim.html.erb (0.1ms)
  Rendered layouts/_header.html.erb (0.5ms)
  Rendered layouts/_footer.html.erb (0.2ms)
Completed 200 OK in 82ms (Views: 81.0ms | ActiveRecord: 0.0ms)


Started GET "/contact" for 127.0.0.1 at 2014-12-12 20:18:42 +0700
Processing by StaticPagesController#contact as HTML
  Rendered static_pages/contact.html.erb within layouts/application (0.7ms)
  Rendered layouts/_shim.html.erb (0.1ms)
  Rendered layouts/_header.html.erb (0.5ms)
  Rendered layouts/_footer.html.erb (0.2ms)
Completed 200 OK in 133ms (Views: 131.8ms | ActiveRecord: 0.0ms)


Started GET "/" for 127.0.0.1 at 2014-12-12 21:22:36 +0700
Processing by StaticPagesController#home as HTML
  Rendered static_pages/home.html.erb within layouts/application (4.3ms)
  Rendered layouts/_shim.html.erb (0.4ms)
  Rendered layouts/_header.html.erb (0.8ms)
  Rendered layouts/_footer.html.erb (0.6ms)
Completed 200 OK in 271ms (Views: 262.1ms | ActiveRecord: 0.0ms)


Started GET "/assets/turbolinks.js?body=1" for 127.0.0.1 at 2014-12-12 21:22:37 +0700


Started GET "/assets/static_pages.js?body=1" for 127.0.0.1 at 2014-12-12 21:22:37 +0700


Started GET "/assets/users.js?body=1" for 127.0.0.1 at 2014-12-12 21:22:37 +0700


Started GET "/assets/rails.png" for 127.0.0.1 at 2014-12-12 21:22:37 +0700


Started GET "/assets/custom.css?body=1" for 127.0.0.1 at 2014-12-12 21:22:37 +0700


Started GET "/assets/static_pages.css?body=1" for 127.0.0.1 at 2014-12-12 21:22:37 +0700


Started GET "/assets/jquery_ujs.js?body=1" for 127.0.0.1 at 2014-12-12 21:22:37 +0700


Started GET "/assets/application.css?body=1" for 127.0.0.1 at 2014-12-12 21:22:37 +0700


Started GET "/assets/jquery.js?body=1" for 127.0.0.1 at 2014-12-12 21:22:37 +0700


Started GET "/assets/users.css?body=1" for 127.0.0.1 at 2014-12-12 21:22:37 +0700


Started GET "/assets/application.js?body=1" for 127.0.0.1 at 2014-12-12 21:22:37 +0700


Started GET "/signup" for 127.0.0.1 at 2014-12-12 21:22:39 +0700
Processing by UsersController#new as HTML
  Rendered users/new.html.erb within layouts/application (0.6ms)
  Rendered layouts/_shim.html.erb (0.5ms)
  Rendered layouts/_header.html.erb (1.0ms)
  Rendered layouts/_footer.html.erb (0.8ms)
Completed 200 OK in 80ms (Views: 79.4ms | ActiveRecord: 0.0ms)


Started GET "/help" for 127.0.0.1 at 2014-12-12 21:22:43 +0700
Processing by StaticPagesController#help as HTML
  Rendered static_pages/help.html.erb within layouts/application (1.0ms)
  Rendered layouts/_shim.html.erb (0.1ms)
  Rendered layouts/_header.html.erb (0.5ms)
  Rendered layouts/_footer.html.erb (0.2ms)
Completed 200 OK in 174ms (Views: 173.0ms | ActiveRecord: 0.0ms)


Started GET "/" for 127.0.0.1 at 2014-12-12 21:22:53 +0700
Processing by StaticPagesController#home as HTML
  Rendered static_pages/home.html.erb within layouts/application (1.0ms)
  Rendered layouts/_shim.html.erb (0.1ms)
  Rendered layouts/_header.html.erb (0.4ms)
  Rendered layouts/_footer.html.erb (0.2ms)
Completed 200 OK in 127ms (Views: 125.6ms | ActiveRecord: 0.0ms)


Started GET "/assets/static_pages.css?body=1" for 127.0.0.1 at 2014-12-12 21:22:53 +0700


Started GET "/assets/users.css?body=1" for 127.0.0.1 at 2014-12-12 21:22:53 +0700


Started GET "/assets/application.css?body=1" for 127.0.0.1 at 2014-12-12 21:22:53 +0700


Started GET "/assets/jquery_ujs.js?body=1" for 127.0.0.1 at 2014-12-12 21:22:53 +0700


Started GET "/assets/jquery.js?body=1" for 127.0.0.1 at 2014-12-12 21:22:53 +0700


Started GET "/assets/custom.css?body=1" for 127.0.0.1 at 2014-12-12 21:22:53 +0700


Started GET "/assets/turbolinks.js?body=1" for 127.0.0.1 at 2014-12-12 21:22:53 +0700


Started GET "/assets/users.js?body=1" for 127.0.0.1 at 2014-12-12 21:22:53 +0700


Started GET "/assets/application.js?body=1" for 127.0.0.1 at 2014-12-12 21:22:53 +0700


Started GET "/assets/static_pages.js?body=1" for 127.0.0.1 at 2014-12-12 21:22:53 +0700


Started GET "/signup" for 127.0.0.1 at 2014-12-12 21:22:57 +0700
Processing by UsersController#new as HTML
  Rendered users/new.html.erb within layouts/application (0.1ms)
  Rendered layouts/_shim.html.erb (0.1ms)
  Rendered layouts/_header.html.erb (0.6ms)
  Rendered layouts/_footer.html.erb (0.2ms)
Completed 200 OK in 138ms (Views: 77.6ms | ActiveRecord: 0.0ms)


Started GET "/" for 127.0.0.1 at 2014-12-12 21:23:02 +0700
Processing by StaticPagesController#home as HTML
  Rendered static_pages/home.html.erb within layouts/application (2.2ms)
  Rendered layouts/_shim.html.erb (0.1ms)
  Rendered layouts/_header.html.erb (0.3ms)
  Rendered layouts/_footer.html.erb (0.2ms)
Completed 200 OK in 125ms (Views: 123.7ms | ActiveRecord: 0.0ms)


Started GET "/help" for 127.0.0.1 at 2014-12-12 21:23:03 +0700
Processing by StaticPagesController#help as HTML
  Rendered static_pages/help.html.erb within layouts/application (0.2ms)
  Rendered layouts/_shim.html.erb (0.1ms)
  Rendered layouts/_header.html.erb (0.4ms)
  Rendered layouts/_footer.html.erb (0.2ms)
Completed 200 OK in 144ms (Views: 142.9ms | ActiveRecord: 0.0ms)


Started GET "/help" for 127.0.0.1 at 2014-12-12 21:23:03 +0700
Processing by StaticPagesController#help as HTML
  Rendered static_pages/help.html.erb within layouts/application (0.1ms)
  Rendered layouts/_shim.html.erb (0.1ms)
  Rendered layouts/_header.html.erb (0.4ms)
  Rendered layouts/_footer.html.erb (0.2ms)
Completed 200 OK in 162ms (Views: 160.7ms | ActiveRecord: 0.0ms)


Started GET "/" for 127.0.0.1 at 2014-12-12 21:23:09 +0700
Processing by StaticPagesController#home as HTML
  Rendered static_pages/home.html.erb within layouts/application (0.6ms)
  Rendered layouts/_shim.html.erb (0.1ms)
  Rendered layouts/_header.html.erb (0.3ms)
  Rendered layouts/_footer.html.erb (0.2ms)
Completed 200 OK in 131ms (Views: 130.2ms | ActiveRecord: 0.0ms)


Started GET "/contact" for 127.0.0.1 at 2014-12-12 21:23:12 +0700
Processing by StaticPagesController#contact as HTML
  Rendered static_pages/contact.html.erb within layouts/application (0.7ms)
  Rendered layouts/_shim.html.erb (0.1ms)
  Rendered layouts/_header.html.erb (0.5ms)
  Rendered layouts/_footer.html.erb (0.2ms)
Completed 200 OK in 122ms (Views: 121.6ms | ActiveRecord: 0.0ms)


Started GET "/" for 127.0.0.1 at 2014-12-12 21:27:31 +0700
Processing by StaticPagesController#home as HTML
  Rendered static_pages/home.html.erb within layouts/application (1.0ms)
  Rendered layouts/_shim.html.erb (0.1ms)
  Rendered layouts/_header.html.erb (0.3ms)
  Rendered layouts/_footer.html.erb (0.2ms)
Completed 200 OK in 192ms (Views: 191.0ms | ActiveRecord: 0.0ms)


Started GET "/assets/application.css?body=1" for 127.0.0.1 at 2014-12-12 21:27:31 +0700


Started GET "/assets/jquery.js?body=1" for 127.0.0.1 at 2014-12-12 21:27:31 +0700


Started GET "/assets/custom.css?body=1" for 127.0.0.1 at 2014-12-12 21:27:31 +0700


Started GET "/assets/static_pages.css?body=1" for 127.0.0.1 at 2014-12-12 21:27:31 +0700


Started GET "/assets/users.css?body=1" for 127.0.0.1 at 2014-12-12 21:27:31 +0700


Started GET "/assets/turbolinks.js?body=1" for 127.0.0.1 at 2014-12-12 21:27:31 +0700


Started GET "/assets/static_pages.js?body=1" for 127.0.0.1 at 2014-12-12 21:27:31 +0700


Started GET "/assets/jquery_ujs.js?body=1" for 127.0.0.1 at 2014-12-12 21:27:31 +0700


Started GET "/assets/users.js?body=1" for 127.0.0.1 at 2014-12-12 21:27:31 +0700


Started GET "/assets/application.js?body=1" for 127.0.0.1 at 2014-12-12 21:27:31 +0700


Started GET "/signup" for 127.0.0.1 at 2014-12-12 21:27:33 +0700
Processing by UsersController#new as HTML
  Rendered users/new.html.erb within layouts/application (0.2ms)
  Rendered layouts/_shim.html.erb (0.1ms)
  Rendered layouts/_header.html.erb (0.4ms)
  Rendered layouts/_footer.html.erb (0.2ms)
Completed 200 OK in 180ms (Views: 178.8ms | ActiveRecord: 0.0ms)


Started GET "/help" for 127.0.0.1 at 2014-12-12 21:27:37 +0700
Processing by StaticPagesController#help as HTML
  Rendered static_pages/help.html.erb within layouts/application (0.1ms)
  Rendered layouts/_shim.html.erb (0.1ms)
  Rendered layouts/_header.html.erb (0.4ms)
  Rendered layouts/_footer.html.erb (0.2ms)
Completed 200 OK in 117ms (Views: 116.5ms | ActiveRecord: 0.0ms)


Started GET "/" for 127.0.0.1 at 2014-12-12 21:27:39 +0700
Processing by StaticPagesController#home as HTML
  Rendered static_pages/home.html.erb within layouts/application (0.7ms)
  Rendered layouts/_shim.html.erb (0.1ms)
  Rendered layouts/_header.html.erb (0.3ms)
  Rendered layouts/_footer.html.erb (0.2ms)
Completed 200 OK in 142ms (Views: 141.1ms | ActiveRecord: 0.0ms)


Started GET "/contact" for 127.0.0.1 at 2014-12-12 21:27:48 +0700
Processing by StaticPagesController#contact as HTML
  Rendered static_pages/contact.html.erb within layouts/application (0.1ms)
  Rendered layouts/_shim.html.erb (0.1ms)
  Rendered layouts/_header.html.erb (0.6ms)
  Rendered layouts/_footer.html.erb (0.2ms)
Completed 200 OK in 74ms (Views: 73.2ms | ActiveRecord: 0.0ms)


Started GET "/about" for 127.0.0.1 at 2014-12-12 21:27:50 +0700
Processing by StaticPagesController#about as HTML
  Rendered static_pages/about.html.erb within layouts/application (0.9ms)
  Rendered layouts/_shim.html.erb (0.1ms)
  Rendered layouts/_header.html.erb (0.5ms)
  Rendered layouts/_footer.html.erb (0.2ms)
Completed 200 OK in 177ms (Views: 176.4ms | ActiveRecord: 0.0ms)


Started GET "/contact" for 127.0.0.1 at 2014-12-12 21:27:55 +0700
Processing by StaticPagesController#contact as HTML
  Rendered static_pages/contact.html.erb within layouts/application (0.1ms)
  Rendered layouts/_shim.html.erb (0.1ms)
  Rendered layouts/_header.html.erb (0.5ms)
  Rendered layouts/_footer.html.erb (0.2ms)
Completed 200 OK in 84ms (Views: 83.4ms | ActiveRecord: 0.0ms)


Started GET "/" for 127.0.0.1 at 2014-12-16 17:19:16 +0700
Processing by StaticPagesController#home as HTML
  Rendered static_pages/home.html.erb within layouts/application (3.6ms)
  Rendered layouts/_shim.html.erb (0.4ms)
  Rendered layouts/_header.html.erb (0.8ms)
  Rendered layouts/_footer.html.erb (0.7ms)
Completed 200 OK in 305ms (Views: 295.7ms | ActiveRecord: 0.0ms)


Started GET "/assets/custom.css?body=1" for 127.0.0.1 at 2014-12-16 17:19:16 +0700


Started GET "/assets/users.css?body=1" for 127.0.0.1 at 2014-12-16 17:19:17 +0700


Started GET "/assets/application.css?body=1" for 127.0.0.1 at 2014-12-16 17:19:17 +0700


Started GET "/assets/static_pages.css?body=1" for 127.0.0.1 at 2014-12-16 17:19:17 +0700


Started GET "/assets/jquery_ujs.js?body=1" for 127.0.0.1 at 2014-12-16 17:19:17 +0700


Started GET "/assets/jquery.js?body=1" for 127.0.0.1 at 2014-12-16 17:19:17 +0700


Started GET "/assets/turbolinks.js?body=1" for 127.0.0.1 at 2014-12-16 17:19:17 +0700


Started GET "/assets/static_pages.js?body=1" for 127.0.0.1 at 2014-12-16 17:19:17 +0700


Started GET "/assets/users.js?body=1" for 127.0.0.1 at 2014-12-16 17:19:17 +0700


Started GET "/assets/application.js?body=1" for 127.0.0.1 at 2014-12-16 17:19:17 +0700


Started GET "/assets/rails.png" for 127.0.0.1 at 2014-12-16 17:19:17 +0700


Started GET "/" for 127.0.0.1 at 2014-12-16 17:19:20 +0700
Processing by StaticPagesController#home as HTML
  Rendered static_pages/home.html.erb within layouts/application (2.6ms)
  Rendered layouts/_shim.html.erb (0.5ms)
  Rendered layouts/_header.html.erb (0.8ms)
  Rendered layouts/_footer.html.erb (0.6ms)
Completed 200 OK in 78ms (Views: 76.8ms | ActiveRecord: 0.0ms)


Started GET "/" for 127.0.0.1 at 2014-12-16 17:19:23 +0700
Processing by StaticPagesController#home as HTML
  Rendered static_pages/home.html.erb within layouts/application (1.5ms)
  Rendered layouts/_shim.html.erb (0.1ms)
  Rendered layouts/_header.html.erb (0.3ms)
  Rendered layouts/_footer.html.erb (0.2ms)
Completed 200 OK in 194ms (Views: 193.2ms | ActiveRecord: 0.0ms)


Started GET "/help" for 127.0.0.1 at 2014-12-16 17:19:23 +0700
Processing by StaticPagesController#help as HTML
  Rendered static_pages/help.html.erb within layouts/application (0.5ms)
  Rendered layouts/_shim.html.erb (0.1ms)
  Rendered layouts/_header.html.erb (0.5ms)
  Rendered layouts/_footer.html.erb (0.2ms)
Completed 200 OK in 84ms (Views: 83.4ms | ActiveRecord: 0.0ms)


Started GET "/about" for 127.0.0.1 at 2014-12-16 17:19:30 +0700
Processing by StaticPagesController#about as HTML
  Rendered static_pages/about.html.erb within layouts/application (0.7ms)
  Rendered layouts/_shim.html.erb (0.1ms)
  Rendered layouts/_header.html.erb (0.5ms)
  Rendered layouts/_footer.html.erb (0.2ms)
Completed 200 OK in 199ms (Views: 197.7ms | ActiveRecord: 0.0ms)


Started GET "/help" for 127.0.0.1 at 2014-12-16 17:19:39 +0700
Processing by StaticPagesController#help as HTML
  Rendered static_pages/help.html.erb within layouts/application (0.1ms)
  Rendered layouts/_shim.html.erb (0.1ms)
  Rendered layouts/_header.html.erb (0.5ms)
  Rendered layouts/_footer.html.erb (0.2ms)
Completed 200 OK in 77ms (Views: 75.8ms | ActiveRecord: 0.0ms)


Started GET "/signup" for 127.0.0.1 at 2014-12-16 17:19:45 +0700
Processing by UsersController#new as HTML
  Rendered users/new.html.erb within layouts/application (0.6ms)
  Rendered layouts/_shim.html.erb (0.1ms)
  Rendered layouts/_header.html.erb (0.5ms)
  Rendered layouts/_footer.html.erb (0.2ms)
Completed 200 OK in 180ms (Views: 179.0ms | ActiveRecord: 0.0ms)


Started GET "/about" for 127.0.0.1 at 2014-12-16 17:19:48 +0700
Processing by StaticPagesController#about as HTML
  Rendered static_pages/about.html.erb within layouts/application (0.1ms)
  Rendered layouts/_shim.html.erb (0.1ms)
  Rendered layouts/_header.html.erb (0.4ms)
  Rendered layouts/_footer.html.erb (0.2ms)
Completed 200 OK in 76ms (Views: 75.5ms | ActiveRecord: 0.0ms)


Started GET "/contact" for 127.0.0.1 at 2014-12-16 17:19:49 +0700
Processing by StaticPagesController#contact as HTML
  Rendered static_pages/contact.html.erb within layouts/application (0.6ms)
  Rendered layouts/_shim.html.erb (0.1ms)
  Rendered layouts/_header.html.erb (0.5ms)
  Rendered layouts/_footer.html.erb (0.3ms)
Completed 200 OK in 127ms (Views: 126.5ms | ActiveRecord: 0.0ms)
